======================================================================
üõ°Ô∏è  Phase 5: Verifier Model Demo
======================================================================
Traceback (most recent call last):
  File "C:\Users\tisha_madame\AppData\Local\Programs\Python\Python310\lib\site-packages\huggingface_hub\utils\_http.py", line 402, in hf_raise_for_status
    response.raise_for_status()
  File "C:\Users\tisha_madame\AppData\Local\Programs\Python\Python310\lib\site-packages\requests\models.py", line 1026, in raise_for_status
    raise HTTPError(http_error_msg, response=self)
requests.exceptions.HTTPError: 401 Client Error: Unauthorized for url: https://huggingface.co/cross-encoder/nli-miniLM-L6-v2/resolve/main/config.json

The above exception was the direct cause of the following exception:

Traceback (most recent call last):
  File "C:\Users\tisha_madame\AppData\Local\Programs\Python\Python310\lib\site-packages\transformers\utils\hub.py", line 479, in cached_files
    hf_hub_download(
  File "C:\Users\tisha_madame\AppData\Local\Programs\Python\Python310\lib\site-packages\huggingface_hub\utils\_validators.py", line 114, in _inner_fn
    return fn(*args, **kwargs)
  File "C:\Users\tisha_madame\AppData\Local\Programs\Python\Python310\lib\site-packages\huggingface_hub\file_download.py", line 1007, in hf_hub_download
    return _hf_hub_download_to_cache_dir(
  File "C:\Users\tisha_madame\AppData\Local\Programs\Python\Python310\lib\site-packages\huggingface_hub\file_download.py", line 1114, in _hf_hub_download_to_cache_dir
    _raise_on_head_call_error(head_call_error, force_download, local_files_only)
  File "C:\Users\tisha_madame\AppData\Local\Programs\Python\Python310\lib\site-packages\huggingface_hub\file_download.py", line 1655, in _raise_on_head_call_error
    raise head_call_error
  File "C:\Users\tisha_madame\AppData\Local\Programs\Python\Python310\lib\site-packages\huggingface_hub\file_download.py", line 1543, in _get_metadata_or_catch_error
    metadata = get_hf_file_metadata(
  File "C:\Users\tisha_madame\AppData\Local\Programs\Python\Python310\lib\site-packages\huggingface_hub\utils\_validators.py", line 114, in _inner_fn
    return fn(*args, **kwargs)
  File "C:\Users\tisha_madame\AppData\Local\Programs\Python\Python310\lib\site-packages\huggingface_hub\file_download.py", line 1460, in get_hf_file_metadata
    r = _request_wrapper(
  File "C:\Users\tisha_madame\AppData\Local\Programs\Python\Python310\lib\site-packages\huggingface_hub\file_download.py", line 283, in _request_wrapper
    response = _request_wrapper(
  File "C:\Users\tisha_madame\AppData\Local\Programs\Python\Python310\lib\site-packages\huggingface_hub\file_download.py", line 307, in _request_wrapper
    hf_raise_for_status(response)
  File "C:\Users\tisha_madame\AppData\Local\Programs\Python\Python310\lib\site-packages\huggingface_hub\utils\_http.py", line 452, in hf_raise_for_status
    raise _format(RepositoryNotFoundError, message, response) from e
huggingface_hub.errors.RepositoryNotFoundError: 401 Client Error. (Request ID: Root=1-695f4fe6-03e5089912c235e2717d1b1f;442e6ec6-9150-4702-b8d5-5cf90129bd34)

Repository Not Found for url: https://huggingface.co/cross-encoder/nli-miniLM-L6-v2/resolve/main/config.json.
Please make sure you specified the correct `repo_id` and `repo_type`.
If you are trying to access a private or gated repo, make sure you are authenticated. For more details, see https://huggingface.co/docs/huggingface_hub/authentication
Invalid username or password.

The above exception was the direct cause of the following exception:

Traceback (most recent call last):
  File "C:\Users\tisha_madame\Documents\My Projects\rag 2.0 search engine\scripts\test_verification.py", line 57, in <module>
    main()
  File "C:\Users\tisha_madame\Documents\My Projects\rag 2.0 search engine\scripts\test_verification.py", line 22, in main
    verifier = Verifier()
  File "C:\Users\tisha_madame\Documents\My Projects\rag 2.0 search engine\src\reasoning\verifier.py", line 34, in __init__
    self.model = CrossEncoder(model_name)
  File "C:\Users\tisha_madame\AppData\Local\Programs\Python\Python310\lib\site-packages\sentence_transformers\cross_encoder\CrossEncoder.py", line 53, in __init__
    self.config = AutoConfig.from_pretrained(model_name)
  File "C:\Users\tisha_madame\AppData\Local\Programs\Python\Python310\lib\site-packages\transformers\models\auto\configuration_auto.py", line 1332, in from_pretrained
    config_dict, unused_kwargs = PretrainedConfig.get_config_dict(pretrained_model_name_or_path, **kwargs)
  File "C:\Users\tisha_madame\AppData\Local\Programs\Python\Python310\lib\site-packages\transformers\configuration_utils.py", line 662, in get_config_dict
    config_dict, kwargs = cls._get_config_dict(pretrained_model_name_or_path, **kwargs)
  File "C:\Users\tisha_madame\AppData\Local\Programs\Python\Python310\lib\site-packages\transformers\configuration_utils.py", line 721, in _get_config_dict
    resolved_config_file = cached_file(
  File "C:\Users\tisha_madame\AppData\Local\Programs\Python\Python310\lib\site-packages\transformers\utils\hub.py", line 322, in cached_file
    file = cached_files(path_or_repo_id=path_or_repo_id, filenames=[filename], **kwargs)
  File "C:\Users\tisha_madame\AppData\Local\Programs\Python\Python310\lib\site-packages\transformers\utils\hub.py", line 511, in cached_files
    raise OSError(
OSError: cross-encoder/nli-miniLM-L6-v2 is not a local folder and is not a valid model identifier listed on 'https://huggingface.co/models'
If this is a private repository, make sure to pass a token having permission to this repo either by logging in with `hf auth login` or by passing `token=<your_token>`
